        -:    0:Source:src/foo.c
        -:    0:Graph:foo.gcno
        -:    0:Data:foo.gcda
        -:    0:Runs:1
        -:    1:
        -:    2:#include "foo.h"
        -:    3:#include <stdio.h>
        -:    4:#include <stdlib.h>
        -:    5:
        -:    6:
function cmpfunc called 3 returned 100% blocks executed 100%
        3:    7:int cmpfunc(const void * a, const void * b) {
        3:    8:   return ( *(int*)a - *(int*)b );
        -:    9:}
        -:   10:
function foo called 1 returned 100% blocks executed 80%
        1:   11:int foo(void *vet,int tam, int key){
        -:   12:	int *item;
        -:   13:	
        1:   14:	item = (int*) bsearch (&key, vet, tam, sizeof (int), cmpfunc);
call    0 returned 100%
        1:   15:	if (item == 0) return -1;
branch  0 taken 100% (fallthrough)
branch  1 taken 0%
    #####:   16:	return *item;
        -:   17:}
